<?xml version="1.0" encoding="UTF-8"?>
<testng-results ignored="0" total="1" passed="1" failed="0" skipped="0">
  <reporter-output>
    <line>
      <![CDATA[No of rows in TCSheet::9     No of rows in TSSheet::34]]>
    </line>
    <line>
      <![CDATA[Login Success::AdminFlow    http://primusbank.qedgetech.com/adminflow.aspx]]>
    </line>
    <line>
      <![CDATA[Employee Updation Failed::Updation Failure Due to Some Constraints]]>
    </line>
    <line>
      <![CDATA[Logout Success::]]>
    </line>
  </reporter-output>
  <suite started-at="2023-04-25T11:28:56 IST" name="Surefire suite" finished-at="2023-04-25T11:29:36 IST" duration-ms="40355">
    <groups>
    </groups>
    <test started-at="2023-04-25T11:28:56 IST" name="Surefire test" finished-at="2023-04-25T11:29:36 IST" duration-ms="40355">
      <class name="driverFactory.AppTest">
        <test-method is-config="true" signature="setUp()[pri:0, instance:driverFactory.AppTest@5c671d7f]" started-at="2023-04-25T11:28:50 IST" name="setUp" finished-at="2023-04-25T11:28:56 IST" duration-ms="5885" status="PASS">
          <reporter-output>
          </reporter-output>
        </test-method> <!-- setUp -->
        <test-method signature="startTest()[pri:0, instance:driverFactory.AppTest@5c671d7f]" started-at="2023-04-25T11:28:56 IST" name="startTest" finished-at="2023-04-25T11:29:36 IST" duration-ms="40310" status="PASS">
          <reporter-output>
            <line>
              <![CDATA[No of rows in TCSheet::9     No of rows in TSSheet::34]]>
            </line>
            <line>
              <![CDATA[Login Success::AdminFlow    http://primusbank.qedgetech.com/adminflow.aspx]]>
            </line>
            <line>
              <![CDATA[Employee Updation Failed::Updation Failure Due to Some Constraints]]>
            </line>
            <line>
              <![CDATA[Logout Success::]]>
            </line>
          </reporter-output>
        </test-method> <!-- startTest -->
        <test-method is-config="true" signature="tearDown()[pri:0, instance:driverFactory.AppTest@5c671d7f]" started-at="2023-04-25T11:29:36 IST" name="tearDown" finished-at="2023-04-25T11:29:37 IST" duration-ms="926" status="PASS">
          <reporter-output>
          </reporter-output>
        </test-method> <!-- tearDown -->
      </class> <!-- driverFactory.AppTest -->
    </test> <!-- Surefire test -->
  </suite> <!-- Surefire suite -->
</testng-results>
